<?xml version="1.0" encoding="UTF-8"?>
<testng-results skipped="0" failed="0" ignored="0" total="1" passed="1">
  <reporter-output>
  </reporter-output>
  <suite name="Suite" duration-ms="30502" started-at="2017-08-31T16:23:37Z" finished-at="2017-08-31T16:24:07Z">
    <groups>
    </groups>
    <test name="Test" duration-ms="30502" started-at="2017-08-31T16:23:37Z" finished-at="2017-08-31T16:24:07Z">
      <class name="account.Hello">
        <test-method status="PASS" signature="run()[pri:0, instance:account.Hello@1f983a6]" name="run" duration-ms="30480" started-at="2017-08-31T21:53:37Z" finished-at="2017-08-31T21:54:07Z">
          <reporter-output>
          </reporter-output>
        </test-method> <!-- run -->
      </class> <!-- account.Hello -->
    </test> <!-- Test -->
  </suite> <!-- Suite -->
</testng-results>
