<?xml version="1.0" encoding="UTF-8"?>
<testng-results skipped="0" failed="0" ignored="0" total="1" passed="1">
  <reporter-output>
  </reporter-output>
  <suite name="Suite" duration-ms="16216" started-at="2017-08-31T16:21:34Z" finished-at="2017-08-31T16:21:50Z">
    <groups>
    </groups>
    <test name="Test" duration-ms="16216" started-at="2017-08-31T16:21:34Z" finished-at="2017-08-31T16:21:50Z">
      <class name="account.Hello">
        <test-method status="PASS" signature="run()[pri:0, instance:account.Hello@1fa1d9b]" name="run" duration-ms="16194" started-at="2017-08-31T21:51:34Z" finished-at="2017-08-31T21:51:50Z">
          <reporter-output>
          </reporter-output>
        </test-method> <!-- run -->
      </class> <!-- account.Hello -->
    </test> <!-- Test -->
  </suite> <!-- Suite -->
</testng-results>
